{"/home/enias/projects/stores-transactions-manager/backend/src/http/stores/store-entity.ts": {"path":"/home/enias/projects/stores-transactions-manager/backend/src/http/stores/store-entity.ts","statementMap":{"0":{"start":{"line":1,"column":0},"end":{"line":1,"column":46}},"1":{"start":{"line":2,"column":0},"end":{"line":2,"column":64}},"2":{"start":{"line":12,"column":2},"end":{"line":12,"column":null}},"3":{"start":{"line":11,"column":28},"end":{"line":11,"column":51}},"4":{"start":{"line":4,"column":0},"end":{"line":4,"column":13}}},"fnMap":{"0":{"name":"(anonymous_2)","decl":{"start":{"line":11,"column":13},"end":{"line":11,"column":14}},"loc":{"start":{"line":11,"column":28},"end":{"line":11,"column":51}}}},"branchMap":{},"s":{"0":1,"1":1,"2":1,"3":2,"4":1},"f":{"0":2},"b":{}}
,"/home/enias/projects/stores-transactions-manager/backend/src/http/stores/stores.controller.ts": {"path":"/home/enias/projects/stores-transactions-manager/backend/src/http/stores/stores.controller.ts","statementMap":{"0":{"start":{"line":1,"column":0},"end":{"line":1,"column":null}},"1":{"start":{"line":9,"column":0},"end":{"line":9,"column":52}},"2":{"start":{"line":10,"column":0},"end":{"line":10,"column":69}},"3":{"start":{"line":11,"column":0},"end":{"line":11,"column":87}},"4":{"start":{"line":12,"column":0},"end":{"line":12,"column":114}},"5":{"start":{"line":13,"column":0},"end":{"line":13,"column":88}},"6":{"start":{"line":14,"column":0},"end":{"line":14,"column":45}},"7":{"start":{"line":17,"column":0},"end":{"line":44,"column":null}},"8":{"start":{"line":19,"column":21},"end":{"line":19,"column":36}},"9":{"start":{"line":20,"column":21},"end":{"line":20,"column":42}},"10":{"start":{"line":27,"column":4},"end":{"line":27,"column":39}},"11":{"start":{"line":34,"column":18},"end":{"line":34,"column":56}},"12":{"start":{"line":35,"column":4},"end":{"line":35,"column":47}},"13":{"start":{"line":42,"column":4},"end":{"line":42,"column":77}},"14":{"start":{"line":26,"column":2},"end":{"line":28,"column":null}},"15":{"start":{"line":33,"column":2},"end":{"line":36,"column":null}},"16":{"start":{"line":41,"column":2},"end":{"line":43,"column":null}},"17":{"start":{"line":17,"column":13},"end":{"line":44,"column":null}},"18":{"start":{"line":17,"column":13},"end":{"line":17,"column":29}}},"fnMap":{"0":{"name":"(anonymous_4)","decl":{"start":{"line":18,"column":2},"end":{"line":18,"column":null}},"loc":{"start":{"line":20,"column":61},"end":{"line":21,"column":6}}},"1":{"name":"(anonymous_5)","decl":{"start":{"line":26,"column":2},"end":{"line":26,"column":7}},"loc":{"start":{"line":26,"column":17},"end":{"line":28,"column":3}}},"2":{"name":"(anonymous_6)","decl":{"start":{"line":33,"column":2},"end":{"line":33,"column":7}},"loc":{"start":{"line":33,"column":54},"end":{"line":36,"column":3}}},"3":{"name":"(anonymous_7)","decl":{"start":{"line":41,"column":2},"end":{"line":41,"column":7}},"loc":{"start":{"line":41,"column":66},"end":{"line":43,"column":3}}}},"branchMap":{},"s":{"0":1,"1":1,"2":1,"3":1,"4":1,"5":1,"6":1,"7":1,"8":2,"9":2,"10":1,"11":1,"12":1,"13":0,"14":1,"15":1,"16":1,"17":1,"18":1},"f":{"0":2,"1":1,"2":1,"3":0},"b":{}}
,"/home/enias/projects/stores-transactions-manager/backend/src/http/transactions/transaction-entity.ts": {"path":"/home/enias/projects/stores-transactions-manager/backend/src/http/transactions/transaction-entity.ts","statementMap":{"0":{"start":{"line":1,"column":0},"end":{"line":1,"column":46}},"1":{"start":{"line":9,"column":2},"end":{"line":9,"column":null}},"2":{"start":{"line":8,"column":28},"end":{"line":8,"column":51}},"3":{"start":{"line":3,"column":0},"end":{"line":3,"column":13}},"4":{"start":{"line":17,"column":26},"end":{"line":19,"column":1}},"5":{"start":{"line":18,"column":2},"end":{"line":18,"column":52}},"6":{"start":{"line":17,"column":13},"end":{"line":17,"column":26}}},"fnMap":{"0":{"name":"(anonymous_2)","decl":{"start":{"line":8,"column":13},"end":{"line":8,"column":14}},"loc":{"start":{"line":8,"column":28},"end":{"line":8,"column":51}}},"1":{"name":"(anonymous_3)","decl":{"start":{"line":17,"column":26},"end":{"line":17,"column":27}},"loc":{"start":{"line":17,"column":42},"end":{"line":19,"column":1}}}},"branchMap":{},"s":{"0":2,"1":2,"2":0,"3":2,"4":2,"5":2,"6":2},"f":{"0":0,"1":2},"b":{}}
,"/home/enias/projects/stores-transactions-manager/backend/src/http/transactions/transactions.controller.ts": {"path":"/home/enias/projects/stores-transactions-manager/backend/src/http/transactions/transactions.controller.ts","statementMap":{"0":{"start":{"line":1,"column":0},"end":{"line":1,"column":null}},"1":{"start":{"line":9,"column":0},"end":{"line":9,"column":59}},"2":{"start":{"line":11,"column":0},"end":{"line":11,"column":87}},"3":{"start":{"line":12,"column":0},"end":{"line":12,"column":100}},"4":{"start":{"line":15,"column":0},"end":{"line":39,"column":null}},"5":{"start":{"line":16,"column":31},"end":{"line":16,"column":52}},"6":{"start":{"line":22,"column":4},"end":{"line":22,"column":51}},"7":{"start":{"line":27,"column":4},"end":{"line":27,"column":56}},"8":{"start":{"line":37,"column":4},"end":{"line":37,"column":58}},"9":{"start":{"line":21,"column":2},"end":{"line":23,"column":null}},"10":{"start":{"line":26,"column":2},"end":{"line":28,"column":null}},"11":{"start":{"line":34,"column":2},"end":{"line":38,"column":null}},"12":{"start":{"line":15,"column":13},"end":{"line":39,"column":null}},"13":{"start":{"line":15,"column":13},"end":{"line":15,"column":35}}},"fnMap":{"0":{"name":"(anonymous_4)","decl":{"start":{"line":16,"column":2},"end":{"line":16,"column":31}},"loc":{"start":{"line":16,"column":71},"end":{"line":16,"column":75}}},"1":{"name":"(anonymous_5)","decl":{"start":{"line":21,"column":2},"end":{"line":21,"column":7}},"loc":{"start":{"line":21,"column":23},"end":{"line":23,"column":3}}},"2":{"name":"(anonymous_6)","decl":{"start":{"line":26,"column":2},"end":{"line":26,"column":7}},"loc":{"start":{"line":26,"column":28},"end":{"line":28,"column":3}}},"3":{"name":"(anonymous_7)","decl":{"start":{"line":34,"column":2},"end":{"line":34,"column":7}},"loc":{"start":{"line":35,"column":45},"end":{"line":38,"column":3}}}},"branchMap":{},"s":{"0":1,"1":1,"2":1,"3":1,"4":1,"5":3,"6":1,"7":1,"8":1,"9":1,"10":1,"11":1,"12":1,"13":1},"f":{"0":3,"1":1,"2":1,"3":1},"b":{}}
,"/home/enias/projects/stores-transactions-manager/backend/src/services/stores/stores.service.ts": {"path":"/home/enias/projects/stores-transactions-manager/backend/src/services/stores/stores.service.ts","statementMap":{"0":{"start":{"line":1,"column":0},"end":{"line":1,"column":44}},"1":{"start":{"line":2,"column":0},"end":{"line":2,"column":47}},"2":{"start":{"line":3,"column":0},"end":{"line":3,"column":44}},"3":{"start":{"line":5,"column":0},"end":{"line":5,"column":48}},"4":{"start":{"line":7,"column":0},"end":{"line":7,"column":69}},"5":{"start":{"line":10,"column":0},"end":{"line":46,"column":null}},"6":{"start":{"line":11,"column":22},"end":{"line":11,"column":30}},"7":{"start":{"line":20,"column":19},"end":{"line":20,"column":59}},"8":{"start":{"line":21,"column":4},"end":{"line":24,"column":8}},"9":{"start":{"line":21,"column":56},"end":{"line":23,"column":null}},"10":{"start":{"line":28,"column":18},"end":{"line":28,"column":71}},"11":{"start":{"line":30,"column":4},"end":{"line":32,"column":null}},"12":{"start":{"line":31,"column":6},"end":{"line":31,"column":null}},"13":{"start":{"line":34,"column":25},"end":{"line":34,"column":66}},"14":{"start":{"line":36,"column":4},"end":{"line":36,"column":38}},"15":{"start":{"line":40,"column":22},"end":{"line":43,"column":6}},"16":{"start":{"line":44,"column":4},"end":{"line":44,"column":38}},"17":{"start":{"line":10,"column":13},"end":{"line":46,"column":null}},"18":{"start":{"line":10,"column":13},"end":{"line":10,"column":26}}},"fnMap":{"0":{"name":"(anonymous_2)","decl":{"start":{"line":11,"column":2},"end":{"line":11,"column":22}},"loc":{"start":{"line":11,"column":43},"end":{"line":11,"column":47}}},"1":{"name":"(anonymous_3)","decl":{"start":{"line":13,"column":2},"end":{"line":13,"column":7}},"loc":{"start":{"line":19,"column":3},"end":{"line":25,"column":3}}},"2":{"name":"(anonymous_4)","decl":{"start":{"line":21,"column":39},"end":{"line":21,"column":44}},"loc":{"start":{"line":21,"column":56},"end":{"line":23,"column":null}}},"3":{"name":"(anonymous_5)","decl":{"start":{"line":27,"column":2},"end":{"line":27,"column":7}},"loc":{"start":{"line":27,"column":50},"end":{"line":37,"column":3}}},"4":{"name":"(anonymous_6)","decl":{"start":{"line":39,"column":2},"end":{"line":39,"column":7}},"loc":{"start":{"line":39,"column":39},"end":{"line":45,"column":3}}}},"branchMap":{"0":{"loc":{"start":{"line":30,"column":4},"end":{"line":32,"column":null}},"type":"if","locations":[{"start":{"line":30,"column":4},"end":{"line":32,"column":null}}]},"1":{"loc":{"start":{"line":44,"column":11},"end":{"line":44,"column":37}},"type":"cond-expr","locations":[{"start":{"line":44,"column":32},"end":{"line":44,"column":36}},{"start":{"line":44,"column":36},"end":{"line":44,"column":37}}]},"2":{"loc":{"start":{"line":44,"column":11},"end":{"line":44,"column":36}},"type":"binary-expr","locations":[{"start":{"line":44,"column":11},"end":{"line":44,"column":36}},{"start":{"line":44,"column":32},"end":{"line":44,"column":36}}]},"3":{"loc":{"start":{"line":44,"column":11},"end":{"line":44,"column":32}},"type":"cond-expr","locations":[{"start":{"line":44,"column":20},"end":{"line":44,"column":22}},{"start":{"line":44,"column":11},"end":{"line":44,"column":32}}]},"4":{"loc":{"start":{"line":44,"column":11},"end":{"line":44,"column":22}},"type":"binary-expr","locations":[{"start":{"line":44,"column":11},"end":{"line":44,"column":22}},{"start":{"line":44,"column":11},"end":{"line":44,"column":22}}]}},"s":{"0":1,"1":1,"2":1,"3":1,"4":1,"5":1,"6":2,"7":1,"8":1,"9":5,"10":1,"11":1,"12":0,"13":1,"14":1,"15":6,"16":6,"17":1,"18":1},"f":{"0":2,"1":1,"2":5,"3":1,"4":6},"b":{"0":[0],"1":[0,6],"2":[6,6],"3":[6,0],"4":[6,6]}}
,"/home/enias/projects/stores-transactions-manager/backend/src/services/transactions/transactions.service.constants.ts": {"path":"/home/enias/projects/stores-transactions-manager/backend/src/services/transactions/transactions.service.constants.ts","statementMap":{"0":{"start":{"line":1,"column":13},"end":{"line":1,"column":46}},"1":{"start":{"line":3,"column":0},"end":{"line":3,"column":null}},"2":{"start":{"line":4,"column":2},"end":{"line":4,"column":null}},"3":{"start":{"line":5,"column":2},"end":{"line":5,"column":null}},"4":{"start":{"line":6,"column":2},"end":{"line":6,"column":null}},"5":{"start":{"line":7,"column":2},"end":{"line":7,"column":null}},"6":{"start":{"line":8,"column":2},"end":{"line":8,"column":null}},"7":{"start":{"line":9,"column":2},"end":{"line":9,"column":null}},"8":{"start":{"line":10,"column":2},"end":{"line":10,"column":null}},"9":{"start":{"line":11,"column":2},"end":{"line":11,"column":null}},"10":{"start":{"line":12,"column":2},"end":{"line":12,"column":null}},"11":{"start":{"line":13,"column":2},"end":{"line":13,"column":null}},"12":{"start":{"line":14,"column":2},"end":{"line":14,"column":null}},"13":{"start":{"line":15,"column":2},"end":{"line":15,"column":null}},"14":{"start":{"line":16,"column":2},"end":{"line":16,"column":null}},"15":{"start":{"line":17,"column":2},"end":{"line":17,"column":null}},"16":{"start":{"line":18,"column":2},"end":{"line":18,"column":null}}},"fnMap":{"0":{"name":"(anonymous_0)","decl":{"start":{"line":3,"column":0},"end":{"line":3,"column":12}},"loc":{"start":{"line":3,"column":34},"end":{"line":19,"column":1}}}},"branchMap":{"0":{"loc":{"start":{"line":3,"column":12},"end":{"line":3,"column":null}},"type":"binary-expr","locations":[{"start":{"line":3,"column":12},"end":{"line":3,"column":34}},{"start":{"line":3,"column":12},"end":{"line":3,"column":null}}]}},"s":{"0":2,"1":2,"2":2,"3":2,"4":2,"5":2,"6":2,"7":2,"8":2,"9":2,"10":2,"11":2,"12":2,"13":2,"14":2,"15":2,"16":2},"f":{"0":2},"b":{"0":[2,2]}}
,"/home/enias/projects/stores-transactions-manager/backend/src/services/transactions/transactions.service.ts": {"path":"/home/enias/projects/stores-transactions-manager/backend/src/services/transactions/transactions.service.ts","statementMap":{"0":{"start":{"line":1,"column":0},"end":{"line":1,"column":44}},"1":{"start":{"line":3,"column":0},"end":{"line":3,"column":48}},"2":{"start":{"line":4,"column":0},"end":{"line":4,"column":43}},"3":{"start":{"line":5,"column":0},"end":{"line":5,"column":69}},"4":{"start":{"line":6,"column":0},"end":{"line":6,"column":null}},"5":{"start":{"line":14,"column":0},"end":{"line":119,"column":null}},"6":{"start":{"line":15,"column":22},"end":{"line":15,"column":30}},"7":{"start":{"line":24,"column":4},"end":{"line":24,"column":52}},"8":{"start":{"line":33,"column":4},"end":{"line":33,"column":63}},"9":{"start":{"line":37,"column":28},"end":{"line":40,"column":31}},"10":{"start":{"line":40,"column":24},"end":{"line":40,"column":30}},"11":{"start":{"line":43,"column":6},"end":{"line":110,"column":null}},"12":{"start":{"line":46,"column":36},"end":{"line":47,"column":null}},"13":{"start":{"line":50,"column":26},"end":{"line":52,"column":null}},"14":{"start":{"line":54,"column":26},"end":{"line":56,"column":null}},"15":{"start":{"line":59,"column":30},"end":{"line":59,"column":52}},"16":{"start":{"line":60,"column":29},"end":{"line":60,"column":77}},"17":{"start":{"line":61,"column":37},"end":{"line":63,"column":null}},"18":{"start":{"line":66,"column":24},"end":{"line":70,"column":null}},"19":{"start":{"line":72,"column":22},"end":{"line":74,"column":null}},"20":{"start":{"line":76,"column":23},"end":{"line":78,"column":null}},"21":{"start":{"line":80,"column":29},"end":{"line":85,"column":19}},"22":{"start":{"line":86,"column":28},"end":{"line":91,"column":19}},"23":{"start":{"line":93,"column":24},"end":{"line":100,"column":12}},"24":{"start":{"line":102,"column":10},"end":{"line":109,"column":12}},"25":{"start":{"line":113,"column":4},"end":{"line":117,"column":6}},"26":{"start":{"line":115,"column":8},"end":{"line":115,"column":61}},"27":{"start":{"line":14,"column":13},"end":{"line":119,"column":null}},"28":{"start":{"line":14,"column":13},"end":{"line":14,"column":32}}},"fnMap":{"0":{"name":"(anonymous_2)","decl":{"start":{"line":15,"column":2},"end":{"line":15,"column":22}},"loc":{"start":{"line":15,"column":43},"end":{"line":15,"column":47}}},"1":{"name":"(anonymous_3)","decl":{"start":{"line":17,"column":2},"end":{"line":17,"column":7}},"loc":{"start":{"line":23,"column":3},"end":{"line":25,"column":3}}},"2":{"name":"(anonymous_4)","decl":{"start":{"line":27,"column":2},"end":{"line":27,"column":7}},"loc":{"start":{"line":32,"column":3},"end":{"line":34,"column":3}}},"3":{"name":"(anonymous_5)","decl":{"start":{"line":36,"column":2},"end":{"line":36,"column":7}},"loc":{"start":{"line":36,"column":49},"end":{"line":118,"column":3}}},"4":{"name":"(anonymous_6)","decl":{"start":{"line":40,"column":14},"end":{"line":40,"column":15}},"loc":{"start":{"line":40,"column":24},"end":{"line":40,"column":30}}},"5":{"name":"(anonymous_7)","decl":{"start":{"line":45,"column":8},"end":{"line":45,"column":13}},"loc":{"start":{"line":45,"column":41},"end":{"line":110,"column":9}}},"6":{"name":"(anonymous_8)","decl":{"start":{"line":114,"column":29},"end":{"line":114,"column":30}},"loc":{"start":{"line":115,"column":8},"end":{"line":115,"column":61}}}},"branchMap":{},"s":{"0":2,"1":2,"2":2,"3":2,"4":2,"5":2,"6":5,"7":1,"8":1,"9":1,"10":2,"11":1,"12":1,"13":1,"14":1,"15":1,"16":1,"17":1,"18":1,"19":1,"20":1,"21":1,"22":1,"23":1,"24":1,"25":1,"26":1,"27":2,"28":2},"f":{"0":5,"1":1,"2":1,"3":1,"4":2,"5":1,"6":1},"b":{}}
}
