TN:
SF:src/http/stores/store-entity.ts
FN:11,(anonymous_2)
FNF:1
FNH:1
FNDA:2,(anonymous_2)
DA:1,1
DA:2,1
DA:4,1
DA:11,2
DA:12,1
LF:5
LH:5
BRF:0
BRH:0
end_of_record
TN:
SF:src/http/stores/stores.controller.ts
FN:18,(anonymous_4)
FN:26,(anonymous_5)
FN:33,(anonymous_6)
FN:41,(anonymous_7)
FNF:4
FNH:3
FNDA:2,(anonymous_4)
FNDA:1,(anonymous_5)
FNDA:1,(anonymous_6)
FNDA:0,(anonymous_7)
DA:1,1
DA:9,1
DA:10,1
DA:11,1
DA:12,1
DA:13,1
DA:14,1
DA:17,1
DA:19,2
DA:20,2
DA:26,1
DA:27,1
DA:33,1
DA:34,1
DA:35,1
DA:41,1
DA:42,0
LF:17
LH:16
BRF:0
BRH:0
end_of_record
TN:
SF:src/http/transactions/transaction-entity.ts
FN:8,(anonymous_2)
FN:17,(anonymous_3)
FNF:2
FNH:1
FNDA:0,(anonymous_2)
FNDA:2,(anonymous_3)
DA:1,2
DA:3,2
DA:8,0
DA:9,2
DA:17,2
DA:18,2
LF:6
LH:5
BRF:0
BRH:0
end_of_record
TN:
SF:src/http/transactions/transactions.controller.ts
FN:16,(anonymous_4)
FN:21,(anonymous_5)
FN:26,(anonymous_6)
FN:34,(anonymous_7)
FNF:4
FNH:4
FNDA:3,(anonymous_4)
FNDA:1,(anonymous_5)
FNDA:1,(anonymous_6)
FNDA:1,(anonymous_7)
DA:1,1
DA:9,1
DA:11,1
DA:12,1
DA:15,1
DA:16,3
DA:21,1
DA:22,1
DA:26,1
DA:27,1
DA:34,1
DA:37,1
LF:12
LH:12
BRF:0
BRH:0
end_of_record
TN:
SF:src/services/stores/stores.service.ts
FN:11,(anonymous_2)
FN:13,(anonymous_3)
FN:21,(anonymous_4)
FN:27,(anonymous_5)
FN:39,(anonymous_6)
FNF:5
FNH:5
FNDA:2,(anonymous_2)
FNDA:1,(anonymous_3)
FNDA:5,(anonymous_4)
FNDA:1,(anonymous_5)
FNDA:6,(anonymous_6)
DA:1,1
DA:2,1
DA:3,1
DA:5,1
DA:7,1
DA:10,1
DA:11,2
DA:20,1
DA:21,5
DA:28,1
DA:30,1
DA:31,0
DA:34,1
DA:36,1
DA:40,6
DA:44,6
LF:16
LH:15
BRDA:30,0,0,0
BRDA:44,1,0,0
BRDA:44,1,1,6
BRDA:44,2,0,6
BRDA:44,2,1,6
BRDA:44,3,0,6
BRDA:44,3,1,0
BRDA:44,4,0,6
BRDA:44,4,1,6
BRF:9
BRH:6
end_of_record
TN:
SF:src/services/transactions/transactions.service.constants.ts
FN:3,(anonymous_0)
FNF:1
FNH:1
FNDA:2,(anonymous_0)
DA:1,2
DA:3,2
DA:4,2
DA:5,2
DA:6,2
DA:7,2
DA:8,2
DA:9,2
DA:10,2
DA:11,2
DA:12,2
DA:13,2
DA:14,2
DA:15,2
DA:16,2
DA:17,2
DA:18,2
LF:17
LH:17
BRDA:3,0,0,2
BRDA:3,0,1,2
BRF:2
BRH:2
end_of_record
TN:
SF:src/services/transactions/transactions.service.ts
FN:15,(anonymous_2)
FN:17,(anonymous_3)
FN:27,(anonymous_4)
FN:36,(anonymous_5)
FN:40,(anonymous_6)
FN:45,(anonymous_7)
FN:114,(anonymous_8)
FNF:7
FNH:7
FNDA:5,(anonymous_2)
FNDA:1,(anonymous_3)
FNDA:1,(anonymous_4)
FNDA:1,(anonymous_5)
FNDA:2,(anonymous_6)
FNDA:1,(anonymous_7)
FNDA:1,(anonymous_8)
DA:1,2
DA:3,2
DA:4,2
DA:5,2
DA:6,2
DA:14,2
DA:15,5
DA:24,1
DA:33,1
DA:37,1
DA:40,2
DA:43,1
DA:46,1
DA:50,1
DA:54,1
DA:59,1
DA:60,1
DA:61,1
DA:66,1
DA:72,1
DA:76,1
DA:80,1
DA:86,1
DA:93,1
DA:102,1
DA:113,1
DA:115,1
LF:27
LH:27
BRF:0
BRH:0
end_of_record
